<?xml version="1.0" encoding="UTF-8"?>
<!-- Generated by org.testng.reporters.JUnitReportReporter -->
<testsuite skipped="0" hostname="LAPTOP-D05NOKLT" name="Tests.ForgotPasswordTest" tests="1" failures="0" timestamp="2021-06-24T15:47:57 IDT" time="1.445" errors="0">
  <testcase name="forgotPasswordErrorMessage" time="1.445" classname="Tests.ForgotPasswordTest"/>
  <system-out/>
</testsuite> <!-- Tests.ForgotPasswordTest -->
