<?xml version="1.0" encoding="UTF-8"?>
<!-- Generated by org.testng.reporters.JUnitReportReporter -->
<testsuite skipped="0" hostname="LAPTOP-D05NOKLT" name="Tests.LoginTest" tests="2" failures="0" timestamp="2021-06-24T15:47:57 IDT" time="7.545" errors="0">
  <testcase name="loginFailure" time="3.293" classname="Tests.LoginTest"/>
  <system-out/>
  <testcase name="loginSucces" time="4.252" classname="Tests.LoginTest"/>
  <system-out/>
</testsuite> <!-- Tests.LoginTest -->
